<?xml version="1.0" encoding="UTF-8"?>
<!-- Generated by org.testng.reporters.JUnitReportReporter -->
<testsuite hostname="LAPTOP-QQ1NF484" failures="0" tests="1" name="PostRequest.ApiPost002" time="4.525" errors="0" timestamp="2025-02-09T14:51:07 IST" skipped="0">
  <testcase classname="PostRequest.ApiPost002" name="New_PostReqNonBDD" time="4.525"/>
</testsuite> <!-- PostRequest.ApiPost002 -->
