<?xml version="1.0" encoding="UTF-8"?>
<!-- Generated by org.testng.reporters.JUnitReportReporter -->
<testsuite hostname="LAPTOP-QQ1NF484" failures="0" tests="1" name="Payload.PayloadUsingnHashMap" time="52.765" errors="0" timestamp="2025-02-15T12:17:55 IST" skipped="0">
  <testcase classname="Payload.PayloadUsingnHashMap" name="CheckPayload" time="52.765"/>
</testsuite> <!-- Payload.PayloadUsingnHashMap -->
