<?xml version="1.0" encoding="UTF-8"?>
<!-- Generated by org.testng.reporters.JUnitReportReporter -->
<testsuite hostname="LAPTOP-QQ1NF484" failures="0" tests="1" name="PostRequest.Api001PostRequest" time="4.620" errors="0" timestamp="2025-02-09T14:52:16 IST" skipped="0">
  <testcase classname="PostRequest.Api001PostRequest" name="New_PostReq" time="4.620"/>
</testsuite> <!-- PostRequest.Api001PostRequest -->
