<?xml version="1.0" encoding="UTF-8"?>
<!-- Generated by org.testng.reporters.JUnitReportReporter -->
<testsuite hostname="LAPTOP-QQ1NF484" failures="0" tests="1" name="PunnamJItendra.NewRestAssuredDemo.BddStyleGet_Request" time="6.705" errors="0" timestamp="2025-02-02T18:04:40 IST" skipped="0">
  <testcase classname="PunnamJItendra.NewRestAssuredDemo.BddStyleGet_Request" name="BddGet_Request" time="6.705"/>
</testsuite> <!-- PunnamJItendra.NewRestAssuredDemo.BddStyleGet_Request -->
