<?xml version="1.0" encoding="UTF-8"?>
<!-- Generated by org.testng.reporters.JUnitReportReporter -->
<testsuite hostname="LAPTOP-QQ1NF484" failures="0" tests="1" name="PunnamJItendra.NewRestAssuredDemo.ApiGetTCUsingTestNG" time="4.737" errors="0" timestamp="2025-02-02T23:14:50 IST" skipped="0">
  <testcase classname="PunnamJItendra.NewRestAssuredDemo.ApiGetTCUsingTestNG" name="Get_Request" time="4.737"/>
</testsuite> <!-- PunnamJItendra.NewRestAssuredDemo.ApiGetTCUsingTestNG -->
