<?xml version="1.0" encoding="UTF-8"?>
<!-- Generated by org.testng.reporters.JUnitReportReporter -->
<testsuite hostname="LAPTOP-QQ1NF484" failures="0" tests="4" name="IntegrationScenario.Api011_FirstIntegrationSceneraio" time="16.985" errors="0" timestamp="2025-02-09T17:40:16 IST" skipped="0">
  <testcase classname="IntegrationScenario.Api011_FirstIntegrationSceneraio" name="update_put" time="11.949"/>
  <testcase classname="IntegrationScenario.Api011_FirstIntegrationSceneraio" name="update_put_get" time="1.511"/>
  <testcase classname="IntegrationScenario.Api011_FirstIntegrationSceneraio" name="delete_Booking" time="1.565"/>
  <testcase classname="IntegrationScenario.Api011_FirstIntegrationSceneraio" name="get_After_Delete" time="1.960"/>
</testsuite> <!-- IntegrationScenario.Api011_FirstIntegrationSceneraio -->
