<?xml version="1.0" encoding="UTF-8"?>
<!-- Generated by org.testng.reporters.JUnitReportReporter -->
<testsuite hostname="LAPTOP-QQ1NF484" failures="0" tests="1" name="Gson.SerializationObjectsToJson" time="0.309" errors="0" timestamp="2025-02-15T18:39:38 IST" skipped="0">
  <testcase classname="Gson.SerializationObjectsToJson" name="ObjectsToJsonTest" time="0.309"/>
</testsuite> <!-- Gson.SerializationObjectsToJson -->
