<?xml version="1.0" encoding="UTF-8"?>
<!-- Generated by org.testng.reporters.JUnitReportReporter -->
<testsuite hostname="LAPTOP-QQ1NF484" failures="0" tests="1" name="PostRequest.PostTheDataIntoBookingd" time="7.346" errors="0" timestamp="2025-02-09T13:29:08 IST" skipped="0">
  <testcase classname="PostRequest.PostTheDataIntoBookingd" name="postTheDataIntoBookings" time="7.346"/>
</testsuite> <!-- PostRequest.PostTheDataIntoBookingd -->
